<?xml version="1.0" encoding="UTF-8"?>
<!-- Generated by org.testng.reporters.JUnitReportReporter -->
<testsuite skipped="0" hostname="DESKTOP-7OTDMTD" name="com.mmt.tests.NonStopFlightsTest" tests="2" failures="0" timestamp="24 Apr 2019 16:45:50 GMT" time="78.848" errors="0">
  <testcase name="getNonStopFlights" time="57.314" classname="com.mmt.tests.NonStopFlightsTest"/>
  <testcase name="searchFlight" time="21.534" classname="com.mmt.tests.NonStopFlightsTest"/>
</testsuite> <!-- com.mmt.tests.NonStopFlightsTest -->
