<?xml version="1.0" encoding="UTF-8"?>
<!-- Generated by org.testng.reporters.JUnitReportReporter -->
<testsuite skipped="0" hostname="DESKTOP-7OTDMTD" name="com.mmt.tests.DepartureAndReturnFlightPriceTest" tests="4" failures="0" timestamp="24 Apr 2019 17:38:26 GMT" time="33.584" errors="0">
  <testcase name="verifyTotalFlightPricesFromFlightSummary" time="0.044" classname="com.mmt.tests.DepartureAndReturnFlightPriceTest"/>
  <testcase name="flightPriceTest" time="8.213" classname="com.mmt.tests.DepartureAndReturnFlightPriceTest"/>
  <testcase name="searchFlight" time="25.198" classname="com.mmt.tests.DepartureAndReturnFlightPriceTest"/>
  <testcase name="verifyFlightPricesFromFlightSummary" time="0.129" classname="com.mmt.tests.DepartureAndReturnFlightPriceTest"/>
</testsuite> <!-- com.mmt.tests.DepartureAndReturnFlightPriceTest -->
