<?xml version="1.0" encoding="UTF-8"?>
<!-- Generated by org.testng.reporters.JUnitReportReporter -->
<testsuite skipped="0" hostname="DESKTOP-7OTDMTD" name="com.mmt.tests.OneStopFlightsTest" tests="1" failures="0" timestamp="24 Apr 2019 12:58:54 GMT" time="12.889" errors="0">
  <testcase name="searchFlight" time="12.889" classname="com.mmt.tests.OneStopFlightsTest"/>
</testsuite> <!-- com.mmt.tests.OneStopFlightsTest -->
